<?xml version="1.0" encoding="UTF-8"?>
<testsuite name="Investment Request" tests="1" skipped="0" failures="1" errors="0" timestamp="2021-06-02T14:57:17" hostname="WILLIAMANDRESBE" time="30.396">
  <properties/>
  <testcase name="Investment Request" classname="Investment Request" time="30.396">
    <failure message="java.lang.AssertionError: Sorry, at this time it is not possible to get the PDF - &#10;Expected: &quot;Contrato+Inversion+Virtual.pdf&quot;&#10;     but: was &quot;&quot;" type="java.lang.AssertionError">java.lang.AssertionError: Sorry, at this time it is not possible to get the PDF - 
Expected: &quot;Contrato+Inversion+Virtual.pdf&quot;
     but: was &quot;&quot;
	at net.serenitybdd.screenplay.ErrorTally.throwSummaryExceptionFrom(ErrorTally.java:36)
	at net.serenitybdd.screenplay.ErrorTally.reportAnyErrors(ErrorTally.java:30)
	at net.serenitybdd.screenplay.Actor.should(Actor.java:301)
	at co.com.banistmo.certificacion.prueba.stepdefinitions.InvestmentRequestStepDefinitions.heWillBeAbleToSeeTheNameOfThePdf(InvestmentRequestStepDefinitions.java:37)
	at ✽.he will be able to see the name of the PDF Contrato+Inversion+Virtual.pdf(src/test/resources/features/investment_request.feature:9)
</failure>
  </testcase>
  <system-out><![CDATA[]]></system-out>
  <system-err><![CDATA[[Test worker] INFO net.thucydides.core.steps.ConsoleLoggingListener - STARTING STEP William opens the https://www.grupobancolombia.com/
jun 02, 2021 9:57:17 AM org.openqa.selenium.remote.DesiredCapabilities chrome
INFORMACIÓN: Using `new ChromeOptions()` is preferred to `DesiredCapabilities.chrome()`
[Test worker] INFO net.serenitybdd.core.webdriver.driverproviders.ProvideNewDriver - Instantiating driver
[Test worker] INFO net.serenitybdd.core.webdriver.driverproviders.ProvideNewDriver - Driver capabilities: Capabilities {acceptInsecureCerts: false, browserName: chrome, chrome.switches: --incognito,--start-maximized, goog:chromeOptions: {args: [--incognito, --start-maximized], extensions: []}, loggingPrefs: org.openqa.selenium.logging..., platform: ANY, version: }
Starting ChromeDriver 90.0.4430.24 (4c6d850f087da467d926e8eddb76550aed655991-refs/branch-heads/4430@{#429}) on port 36098
Only local connections are allowed.
Please see https://chromedriver.chromium.org/security-considerations for suggestions on keeping ChromeDriver safe.
ChromeDriver was started successfully.
jun 02, 2021 9:57:19 AM org.openqa.selenium.remote.ProtocolHandshake createSession
INFORMACIÓN: Detected dialect: W3C
[Test worker] INFO net.thucydides.core.steps.ConsoleLoggingListener - FINISHING STEP
[Test worker] INFO net.thucydides.core.steps.ConsoleLoggingListener - STARTING STEP Given the user is in the channel and enters the product request
[Test worker] INFO net.thucydides.core.steps.ConsoleLoggingListener - STARTING STEP William product request
[Test worker] INFO net.thucydides.core.steps.ConsoleLoggingListener - STARTING STEP William clicks on Button product request
[Test worker] INFO net.thucydides.core.steps.ConsoleLoggingListener - FINISHING STEP
[Test worker] INFO net.thucydides.core.steps.ConsoleLoggingListener - FINISHING STEP
[Test worker] INFO net.thucydides.core.steps.ConsoleLoggingListener - FINISHING STEP
[Test worker] INFO net.thucydides.core.steps.ConsoleLoggingListener - STARTING STEP When he selects the Inversiones option and chooses 500.000
[Test worker] INFO net.thucydides.core.steps.ConsoleLoggingListener - STARTING STEP William product selection
[Test worker] INFO net.thucydides.core.steps.ConsoleLoggingListener - STARTING STEP William clicks on Product selection
[Test worker] INFO net.thucydides.core.steps.ConsoleLoggingListener - FINISHING STEP
[Test worker] INFO net.thucydides.core.steps.ConsoleLoggingListener - STARTING STEP William clicks on Deploy options
[Test worker] INFO net.thucydides.core.steps.ConsoleLoggingListener - FINISHING STEP
[Test worker] INFO net.thucydides.core.steps.ConsoleLoggingListener - STARTING STEP William clicks on Option selection
[Test worker] INFO net.thucydides.core.steps.ConsoleLoggingListener - FINISHING STEP
[Test worker] INFO net.thucydides.core.steps.ConsoleLoggingListener - STARTING STEP William clicks on Button know more
[Test worker] INFO net.thucydides.core.steps.ConsoleLoggingListener - FINISHING STEP
[Test worker] INFO net.thucydides.core.steps.ConsoleLoggingListener - FINISHING STEP
[Test worker] INFO net.thucydides.core.steps.ConsoleLoggingListener - STARTING STEP William view document
[Test worker] INFO net.thucydides.core.steps.ConsoleLoggingListener - STARTING STEP William clicks on Option documents
[Test worker] INFO net.thucydides.core.steps.ConsoleLoggingListener - FINISHING STEP
[Test worker] INFO net.thucydides.core.steps.ConsoleLoggingListener - STARTING STEP William clicks on Button Download
[Test worker] INFO net.thucydides.core.steps.ConsoleLoggingListener - FINISHING STEP
[Test worker] INFO net.thucydides.core.steps.ConsoleLoggingListener - FINISHING STEP
[Test worker] INFO net.thucydides.core.steps.ConsoleLoggingListener - FINISHING STEP
[Test worker] INFO net.thucydides.core.steps.ConsoleLoggingListener - STARTING STEP Then he will be able to see the name of the PDF Contrato+Inversion+Virtual.pdf
[Test worker] INFO net.thucydides.core.steps.ConsoleLoggingListener - STARTING STEP Then validate document should be 'Contrato+Inversion+Virtual.pdf'
[Test worker] INFO net.thucydides.core.steps.ConsoleLoggingListener - ?[91mSTEP FAILURE: co.com.banistmo.certificacion.prueba.exceptions.InvestmentRequestException: Sorry, at this time it is not possible to get the PDF - 
Expected: "Contrato+Inversion+Virtual.pdf"
     but: was ""?[0m
[Test worker] INFO net.thucydides.core.steps.ConsoleLoggingListener - ?[91mSTEP FAILURE: java.lang.AssertionError: Sorry, at this time it is not possible to get the PDF - 
Expected: "Contrato+Inversion+Virtual.pdf"
     but: was ""?[0m
[Test worker] ERROR net.thucydides.core.steps.ConsoleLoggingListener - ?[91m
           __  _____ _____ ____ _____   _____ _    ___ _     _____ ____  
  _       / / |_   _| ____/ ___|_   _| |  ___/ \  |_ _| |   | ____|  _ \ 
 (_)_____| |    | | |  _| \___ \ | |   | |_ / _ \  | || |   |  _| | | | |
  _|_____| |    | | | |___ ___) || |   |  _/ ___ \ | || |___| |___| |_| |
 (_)     | |    |_| |_____|____/ |_|   |_|/_/   \_\___|_____|_____|____/ 
          \_\                                                            

TEST FAILED: Investment Request
--------------------------------------------------------------------------?[0m
[Test worker] ERROR net.thucydides.core.steps.ConsoleLoggingListener - ?[91mTEST FAILED AT STEP Then validate document should be 'Contrato+Inversion+Virtual.pdf'?[0m
[Test worker] ERROR net.thucydides.core.steps.ConsoleLoggingListener - Sorry, at this time it is not possible to get the PDF - Expected: "Contrato+Inversion+Virtual.pdf" but: was ""
]]></system-err>
</testsuite>
